<?xml version="1.0" encoding="utf-8" standalone="no"?>
<!--This file represents the results of running a test suite-->
<test-results name="C:\Users\yvesr\Documents\GitHub\AggregateSource\build\output\net45\AggregateSource.Tests.dll" total="752" errors="0" failures="0" not-run="0" inconclusive="0" ignored="0" skipped="0" invalid="0" date="2013-07-26" time="19:09:29">
  <environment nunit-version="2.6.2.12296" clr-version="2.0.50727.5472" os-version="Microsoft Windows NT 6.1.7601 Service Pack 1" platform="Win32NT" cwd="C:\Users\yvesr\Documents\GitHub\AggregateSource\build" machine-name="YVES-PC" user="yvesr" user-domain="ULTRAGENDA" />
  <culture-info current-culture="nl-BE" current-uiculture="en-US" />
  <test-suite type="Test Project" name="" executed="True" result="Success" success="True" time="43.124" asserts="0">
    <results>
      <test-suite type="Assembly" name="C:\Users\yvesr\Documents\GitHub\AggregateSource\build\output\net45\AggregateSource.Tests.dll" executed="True" result="Success" success="True" time="0.899" asserts="0">
        <results>
          <test-suite type="Namespace" name="AggregateSource" executed="True" result="Success" success="True" time="0.892" asserts="0">
            <results>
              <test-suite type="TestFixture" name="AggregateNotFoundExceptionTests" executed="True" result="Success" success="True" time="0.087" asserts="0">
                <results>
                  <test-case name="AggregateSource.AggregateNotFoundExceptionTests.CanBeSerialized" executed="True" result="Success" success="True" time="0.014" asserts="4" />
                  <test-case name="AggregateSource.AggregateNotFoundExceptionTests.IsAnAggregateSourceException" executed="True" result="Success" success="True" time="0.052" asserts="1" />
                  <test-case name="AggregateSource.AggregateNotFoundExceptionTests.UsingTheConstructorWithMessageAggregateIdentifierCannotBeNull" executed="True" result="Success" success="True" time="0.002" asserts="2" />
                  <test-case name="AggregateSource.AggregateNotFoundExceptionTests.UsingTheConstructorWithMessageAggregateTypeCannotBeNull" executed="True" result="Success" success="True" time="0.000" asserts="2" />
                  <test-case name="AggregateSource.AggregateNotFoundExceptionTests.UsingTheConstructorWithMessageAndInnerExceptionAggregateIdentifierCannotBeNull" executed="True" result="Success" success="True" time="0.000" asserts="2" />
                  <test-case name="AggregateSource.AggregateNotFoundExceptionTests.UsingTheConstructorWithMessageAndInnerExceptionAggregateTypeCannotBeNull" executed="True" result="Success" success="True" time="0.001" asserts="2" />
                  <test-case name="AggregateSource.AggregateNotFoundExceptionTests.UsingTheConstructorWithMessageAndInnerExceptionReturnsExceptionWithExpectedProperties" executed="True" result="Success" success="True" time="0.001" asserts="4" />
                  <test-case name="AggregateSource.AggregateNotFoundExceptionTests.UsingTheConstructorWithMessageReturnsExceptionWithExpectedProperties" executed="True" result="Success" success="True" time="0.000" asserts="4" />
                  <test-case name="AggregateSource.AggregateNotFoundExceptionTests.UsingTheDefaultContstructorAggregateIdentifierCannotBeNull" executed="True" result="Success" success="True" time="0.001" asserts="2" />
                  <test-case name="AggregateSource.AggregateNotFoundExceptionTests.UsingTheDefaultContstructorAggregateTypeCannotBeNull" executed="True" result="Success" success="True" time="0.001" asserts="2" />
                  <test-case name="AggregateSource.AggregateNotFoundExceptionTests.UsingTheDefaultContstructorReturnsExceptionWithExpectedProperties" executed="True" result="Success" success="True" time="0.001" asserts="4" />
                </results>
              </test-suite>
              <test-suite type="Namespace" name="AggregateRootEntityTests" executed="True" result="Success" success="True" time="0.069" asserts="0">
                <results>
                  <test-suite type="TestFixture" name="WithAnyInstance" executed="True" result="Success" success="True" time="0.013" asserts="0">
                    <results>
                      <test-case name="AggregateSource.AggregateRootEntityTests.WithAnyInstance.ApplyCanBeInterceptedAfterApplication" executed="True" result="Success" success="True" time="0.002" asserts="1" />
                      <test-case name="AggregateSource.AggregateRootEntityTests.WithAnyInstance.ApplyCanBeInterceptedBeforeApplication" executed="True" result="Success" success="True" time="0.000" asserts="1" />
                      <test-case name="AggregateSource.AggregateRootEntityTests.WithAnyInstance.ApplyEventCanNotBeNull" executed="True" result="Success" success="True" time="0.000" asserts="1" />
                      <test-case name="AggregateSource.AggregateRootEntityTests.WithAnyInstance.InitializeEventsCanNotBeNull" executed="True" result="Success" success="True" time="0.004" asserts="1" />
                      <test-case name="AggregateSource.AggregateRootEntityTests.WithAnyInstance.IsObservableAggregateRootEntity" executed="True" result="Success" success="True" time="0.001" asserts="1" />
                      <test-case name="AggregateSource.AggregateRootEntityTests.WithAnyInstance.RegisterHandlerCanNotBeNull" executed="True" result="Success" success="True" time="0.001" asserts="1" />
                      <test-case name="AggregateSource.AggregateRootEntityTests.WithAnyInstance.RegisterHandlerCanOnlyBeCalledOncePerEventType" executed="True" result="Success" success="True" time="0.000" asserts="1" />
                    </results>
                  </test-suite>
                  <test-suite type="TestFixture" name="WithChangedInstance" executed="True" result="Success" success="True" time="0.007" asserts="0">
                    <results>
                      <test-case name="AggregateSource.AggregateRootEntityTests.WithChangedInstance.ClearChangesDoesNothing" executed="True" result="Success" success="True" time="0.001" asserts="1" />
                      <test-case name="AggregateSource.AggregateRootEntityTests.WithChangedInstance.GetChangesReturnsEmpty" executed="True" result="Success" success="True" time="0.004" asserts="1" />
                      <test-case name="AggregateSource.AggregateRootEntityTests.WithChangedInstance.HasChangesReturnsFalse" executed="True" result="Success" success="True" time="0.001" asserts="1" />
                      <test-case name="AggregateSource.AggregateRootEntityTests.WithChangedInstance.InitializeThrows" executed="True" result="Success" success="True" time="0.000" asserts="1" />
                    </results>
                  </test-suite>
                  <test-suite type="TestFixture" name="WithChangedThenClearedInstance" executed="True" result="Success" success="True" time="0.011" asserts="0">
                    <results>
                      <test-case name="AggregateSource.AggregateRootEntityTests.WithChangedThenClearedInstance.ClearChangesDoesNothing" executed="True" result="Success" success="True" time="0.001" asserts="1" />
                      <test-case name="AggregateSource.AggregateRootEntityTests.WithChangedThenClearedInstance.GetChangesReturnsEmpty" executed="True" result="Success" success="True" time="0.001" asserts="1" />
                      <test-case name="AggregateSource.AggregateRootEntityTests.WithChangedThenClearedInstance.HasChangesReturnsFalse" executed="True" result="Success" success="True" time="0.001" asserts="1" />
                      <test-case name="AggregateSource.AggregateRootEntityTests.WithChangedThenClearedInstance.InitializeDoesNotThrow" executed="True" result="Success" success="True" time="0.000" asserts="1" />
                    </results>
                  </test-suite>
                  <test-suite type="TestFixture" name="WithInitializedInstance" executed="True" result="Success" success="True" time="0.004" asserts="0">
                    <results>
                      <test-case name="AggregateSource.AggregateRootEntityTests.WithInitializedInstance.ClearChangesDoesNothing" executed="True" result="Success" success="True" time="0.001" asserts="1" />
                      <test-case name="AggregateSource.AggregateRootEntityTests.WithInitializedInstance.GetChangesReturnsEmpty" executed="True" result="Success" success="True" time="0.001" asserts="1" />
                      <test-case name="AggregateSource.AggregateRootEntityTests.WithInitializedInstance.HasChangesReturnsFalse" executed="True" result="Success" success="True" time="0.001" asserts="1" />
                      <test-case name="AggregateSource.AggregateRootEntityTests.WithInitializedInstance.InitializeDoesNotThrow" executed="True" result="Success" success="True" time="0.001" asserts="1" />
                    </results>
                  </test-suite>
                  <test-suite type="TestFixture" name="WithInitializedThenChangedInstance" executed="True" result="Success" success="True" time="0.004" asserts="0">
                    <results>
                      <test-case name="AggregateSource.AggregateRootEntityTests.WithInitializedThenChangedInstance.ClearChangesDoesNothing" executed="True" result="Success" success="True" time="0.000" asserts="1" />
                      <test-case name="AggregateSource.AggregateRootEntityTests.WithInitializedThenChangedInstance.GetChangesReturnsEmpty" executed="True" result="Success" success="True" time="0.000" asserts="1" />
                      <test-case name="AggregateSource.AggregateRootEntityTests.WithInitializedThenChangedInstance.HasChangesReturnsFalse" executed="True" result="Success" success="True" time="0.000" asserts="1" />
                      <test-case name="AggregateSource.AggregateRootEntityTests.WithInitializedThenChangedInstance.InitializeThrows" executed="True" result="Success" success="True" time="0.001" asserts="1" />
                    </results>
                  </test-suite>
                  <test-suite type="TestFixture" name="WithInitializedThenChangedThenClearedInstance" executed="True" result="Success" success="True" time="0.004" asserts="0">
                    <results>
                      <test-case name="AggregateSource.AggregateRootEntityTests.WithInitializedThenChangedThenClearedInstance.ClearChangesDoesNothing" executed="True" result="Success" success="True" time="0.000" asserts="1" />
                      <test-case name="AggregateSource.AggregateRootEntityTests.WithInitializedThenChangedThenClearedInstance.GetChangesReturnsEmpty" executed="True" result="Success" success="True" time="0.001" asserts="1" />
                      <test-case name="AggregateSource.AggregateRootEntityTests.WithInitializedThenChangedThenClearedInstance.HasChangesReturnsFalse" executed="True" result="Success" success="True" time="0.001" asserts="1" />
                      <test-case name="AggregateSource.AggregateRootEntityTests.WithInitializedThenChangedThenClearedInstance.InitializeDoesNotThrow" executed="True" result="Success" success="True" time="0.001" asserts="1" />
                    </results>
                  </test-suite>
                  <test-suite type="TestFixture" name="WithInstanceWithHandlers" executed="True" result="Success" success="True" time="0.004" asserts="0">
                    <results>
                      <test-case name="AggregateSource.AggregateRootEntityTests.WithInstanceWithHandlers.ApplyEventCallsEventHandler" executed="True" result="Success" success="True" time="0.002" asserts="2" />
                      <test-case name="AggregateSource.AggregateRootEntityTests.WithInstanceWithHandlers.InitializeCallsHandlerForEachEvent" executed="True" result="Success" success="True" time="0.000" asserts="2" />
                    </results>
                  </test-suite>
                  <test-suite type="TestFixture" name="WithInstanceWithoutHandlers" executed="True" result="Success" success="True" time="0.002" asserts="0">
                    <results>
                      <test-case name="AggregateSource.AggregateRootEntityTests.WithInstanceWithoutHandlers.ApplyEventDoesNotThrow" executed="True" result="Success" success="True" time="0.001" asserts="1" />
                      <test-case name="AggregateSource.AggregateRootEntityTests.WithInstanceWithoutHandlers.InitializeDoesNotThrow" executed="True" result="Success" success="True" time="0.001" asserts="1" />
                    </results>
                  </test-suite>
                  <test-suite type="TestFixture" name="WithPristineInstance" executed="True" result="Success" success="True" time="0.004" asserts="0">
                    <results>
                      <test-case name="AggregateSource.AggregateRootEntityTests.WithPristineInstance.ClearChangesDoesNothing" executed="True" result="Success" success="True" time="0.000" asserts="1" />
                      <test-case name="AggregateSource.AggregateRootEntityTests.WithPristineInstance.GetChangesReturnsEmpty" executed="True" result="Success" success="True" time="0.000" asserts="1" />
                      <test-case name="AggregateSource.AggregateRootEntityTests.WithPristineInstance.HasChangesReturnsFalse" executed="True" result="Success" success="True" time="0.000" asserts="1" />
                      <test-case name="AggregateSource.AggregateRootEntityTests.WithPristineInstance.InitializeDoesNotThrow" executed="True" result="Success" success="True" time="0.000" asserts="1" />
                    </results>
                  </test-suite>
                </results>
              </test-suite>
              <test-suite type="TestFixture" name="AggregateSourceExceptionTests" executed="True" result="Success" success="True" time="0.006" asserts="0">
                <results>
                  <test-case name="AggregateSource.AggregateSourceExceptionTests.CanBeSerialized" executed="True" result="Success" success="True" time="0.001" asserts="2" />
                  <test-case name="AggregateSource.AggregateSourceExceptionTests.IsAnException" executed="True" result="Success" success="True" time="0.000" asserts="1" />
                  <test-case name="AggregateSource.AggregateSourceExceptionTests.UsingTheConstructorWithMessageAndInnerExceptionReturnsExceptionWithExpectedProperties" executed="True" result="Success" success="True" time="0.000" asserts="2" />
                  <test-case name="AggregateSource.AggregateSourceExceptionTests.UsingTheConstructorWithMessageReturnsExceptionWithExpectedProperties" executed="True" result="Success" success="True" time="0.001" asserts="2" />
                  <test-case name="AggregateSource.AggregateSourceExceptionTests.UsingTheDefaultConstructorReturnsExceptionWithExpectedProperties" executed="True" result="Success" success="True" time="0.001" asserts="2" />
                </results>
              </test-suite>
              <test-suite type="TestFixture" name="AggregateTests" executed="True" result="Success" success="True" time="0.021" asserts="0">
                <results>
                  <test-case name="AggregateSource.AggregateTests.IdentifierCanNotBeNull" executed="True" result="Success" success="True" time="0.001" asserts="1" />
                  <test-case name="AggregateSource.AggregateTests.RootCanNotBeNull" executed="True" result="Success" success="True" time="0.000" asserts="1" />
                  <test-suite type="ParameterizedTest" name="UsingDefaultConstructorReturnsInstanceWithExpectedProperties" executed="True" result="Success" success="True" time="0.018" asserts="0">
                    <results>
                      <test-case name="AggregateSource.AggregateTests.UsingDefaultConstructorReturnsInstanceWithExpectedProperties(&quot;00000000-0000-0000-0000-000000000000&quot;,int.MinValue)" executed="True" result="Success" success="True" time="0.001" asserts="3" />
                      <test-case name="AggregateSource.AggregateTests.UsingDefaultConstructorReturnsInstanceWithExpectedProperties(&quot;00000000-0000-0000-0000-000000000000&quot;,-1)" executed="True" result="Success" success="True" time="0.000" asserts="3" />
                      <test-case name="AggregateSource.AggregateTests.UsingDefaultConstructorReturnsInstanceWithExpectedProperties(&quot;00000000-0000-0000-0000-000000000000&quot;,0)" executed="True" result="Success" success="True" time="0.000" asserts="3" />
                      <test-case name="AggregateSource.AggregateTests.UsingDefaultConstructorReturnsInstanceWithExpectedProperties(&quot;00000000-0000-0000-0000-000000000000&quot;,1)" executed="True" result="Success" success="True" time="0.000" asserts="3" />
                      <test-case name="AggregateSource.AggregateTests.UsingDefaultConstructorReturnsInstanceWithExpectedProperties(&quot;00000000-0000-0000-0000-000000000000&quot;,int.MaxValue)" executed="True" result="Success" success="True" time="0.000" asserts="3" />
                      <test-case name="AggregateSource.AggregateTests.UsingDefaultConstructorReturnsInstanceWithExpectedProperties(&quot;90d6bae5-f3ab-4c2e-a315-d27c58303dcd&quot;,int.MinValue)" executed="True" result="Success" success="True" time="0.000" asserts="3" />
                      <test-case name="AggregateSource.AggregateTests.UsingDefaultConstructorReturnsInstanceWithExpectedProperties(&quot;90d6bae5-f3ab-4c2e-a315-d27c58303dcd&quot;,-1)" executed="True" result="Success" success="True" time="0.000" asserts="3" />
                      <test-case name="AggregateSource.AggregateTests.UsingDefaultConstructorReturnsInstanceWithExpectedProperties(&quot;90d6bae5-f3ab-4c2e-a315-d27c58303dcd&quot;,0)" executed="True" result="Success" success="True" time="0.000" asserts="3" />
                      <test-case name="AggregateSource.AggregateTests.UsingDefaultConstructorReturnsInstanceWithExpectedProperties(&quot;90d6bae5-f3ab-4c2e-a315-d27c58303dcd&quot;,1)" executed="True" result="Success" success="True" time="0.000" asserts="3" />
                      <test-case name="AggregateSource.AggregateTests.UsingDefaultConstructorReturnsInstanceWithExpectedProperties(&quot;90d6bae5-f3ab-4c2e-a315-d27c58303dcd&quot;,int.MaxValue)" executed="True" result="Success" success="True" time="0.000" asserts="3" />
                      <test-case name="AggregateSource.AggregateTests.UsingDefaultConstructorReturnsInstanceWithExpectedProperties(&quot;Aggregate/00000000-0000-0000-0000-000000000000&quot;,int.MinValue)" executed="True" result="Success" success="True" time="0.000" asserts="3" />
                      <test-case name="AggregateSource.AggregateTests.UsingDefaultConstructorReturnsInstanceWithExpectedProperties(&quot;Aggregate/00000000-0000-0000-0000-000000000000&quot;,-1)" executed="True" result="Success" success="True" time="0.001" asserts="3" />
                      <test-case name="AggregateSource.AggregateTests.UsingDefaultConstructorReturnsInstanceWithExpectedProperties(&quot;Aggregate/00000000-0000-0000-0000-000000000000&quot;,0)" executed="True" result="Success" success="True" time="0.000" asserts="3" />
                      <test-case name="AggregateSource.AggregateTests.UsingDefaultConstructorReturnsInstanceWithExpectedProperties(&quot;Aggregate/00000000-0000-0000-0000-000000000000&quot;,1)" executed="True" result="Success" success="True" time="0.000" asserts="3" />
                      <test-case name="AggregateSource.AggregateTests.UsingDefaultConstructorReturnsInstanceWithExpectedProperties(&quot;Aggregate/00000000-0000-0000-0000-000000000000&quot;,int.MaxValue)" executed="True" result="Success" success="True" time="0.000" asserts="3" />
                      <test-case name="AggregateSource.AggregateTests.UsingDefaultConstructorReturnsInstanceWithExpectedProperties(&quot;Aggregate/3c377432-143f-4e4e-be4b-72bd0f50f724&quot;,int.MinValue)" executed="True" result="Success" success="True" time="0.000" asserts="3" />
                      <test-case name="AggregateSource.AggregateTests.UsingDefaultConstructorReturnsInstanceWithExpectedProperties(&quot;Aggregate/3c377432-143f-4e4e-be4b-72bd0f50f724&quot;,-1)" executed="True" result="Success" success="True" time="0.000" asserts="3" />
                      <test-case name="AggregateSource.AggregateTests.UsingDefaultConstructorReturnsInstanceWithExpectedProperties(&quot;Aggregate/3c377432-143f-4e4e-be4b-72bd0f50f724&quot;,0)" executed="True" result="Success" success="True" time="0.000" asserts="3" />
                      <test-case name="AggregateSource.AggregateTests.UsingDefaultConstructorReturnsInstanceWithExpectedProperties(&quot;Aggregate/3c377432-143f-4e4e-be4b-72bd0f50f724&quot;,1)" executed="True" result="Success" success="True" time="0.000" asserts="3" />
                      <test-case name="AggregateSource.AggregateTests.UsingDefaultConstructorReturnsInstanceWithExpectedProperties(&quot;Aggregate/3c377432-143f-4e4e-be4b-72bd0f50f724&quot;,int.MaxValue)" executed="True" result="Success" success="True" time="0.000" asserts="3" />
                    </results>
                  </test-suite>
                </results>
              </test-suite>
              <test-suite type="Namespace" name="ConcurrentUnitOfWorkTests" executed="True" result="Success" success="True" time="0.028" asserts="0">
                <results>
                  <test-suite type="TestFixture" name="WithAnyInstance" executed="True" result="Success" success="True" time="0.002" asserts="0">
                    <results>
                      <test-case name="AggregateSource.ConcurrentUnitOfWorkTests.WithAnyInstance.AttachNullThrows" executed="True" result="Success" success="True" time="0.001" asserts="1" />
                      <test-case name="AggregateSource.ConcurrentUnitOfWorkTests.WithAnyInstance.TryGetIdentifierCanNotBeNull" executed="True" result="Success" success="True" time="0.000" asserts="1" />
                    </results>
                  </test-suite>
                  <test-suite type="TestFixture" name="WithInstanceWithAttachedAggregate" executed="True" result="Success" success="True" time="0.012" asserts="0">
                    <results>
                      <test-case name="AggregateSource.ConcurrentUnitOfWorkTests.WithInstanceWithAttachedAggregate.AttachDoesNotThrowWithOtherAggregate" executed="True" result="Success" success="True" time="0.001" asserts="1" />
                      <test-case name="AggregateSource.ConcurrentUnitOfWorkTests.WithInstanceWithAttachedAggregate.AttachThrowsWithSameAggregate" executed="True" result="Success" success="True" time="0.000" asserts="1" />
                      <test-case name="AggregateSource.ConcurrentUnitOfWorkTests.WithInstanceWithAttachedAggregate.GetChangesReturnsEmpty" executed="True" result="Success" success="True" time="0.005" asserts="1" />
                      <test-case name="AggregateSource.ConcurrentUnitOfWorkTests.WithInstanceWithAttachedAggregate.HasChangesReturnsFalse" executed="True" result="Success" success="True" time="0.001" asserts="1" />
                      <test-case name="AggregateSource.ConcurrentUnitOfWorkTests.WithInstanceWithAttachedAggregate.TryGetReturnsFalseAndNullAsAggregateForUnknownId" executed="True" result="Success" success="True" time="0.000" asserts="2" />
                      <test-case name="AggregateSource.ConcurrentUnitOfWorkTests.WithInstanceWithAttachedAggregate.TryGetReturnsTrueAndAggregateForKnownId" executed="True" result="Success" success="True" time="0.001" asserts="2" />
                    </results>
                  </test-suite>
                  <test-suite type="TestFixture" name="WithInstanceWithAttachedChangedAggregates" executed="True" result="Success" success="True" time="0.002" asserts="0">
                    <results>
                      <test-case name="AggregateSource.ConcurrentUnitOfWorkTests.WithInstanceWithAttachedChangedAggregates.GetChangesReturnsEmpty" executed="True" result="Success" success="True" time="0.001" asserts="1" />
                      <test-case name="AggregateSource.ConcurrentUnitOfWorkTests.WithInstanceWithAttachedChangedAggregates.HasChangesReturnsTrue" executed="True" result="Success" success="True" time="0.000" asserts="1" />
                    </results>
                  </test-suite>
                  <test-suite type="TestFixture" name="WithPristineInstance" executed="True" result="Success" success="True" time="0.006" asserts="0">
                    <results>
                      <test-case name="AggregateSource.ConcurrentUnitOfWorkTests.WithPristineInstance.AttachAggregateDoesNotThrow" executed="True" result="Success" success="True" time="0.000" asserts="1" />
                      <test-case name="AggregateSource.ConcurrentUnitOfWorkTests.WithPristineInstance.GetChangesReturnsEmpty" executed="True" result="Success" success="True" time="0.000" asserts="1" />
                      <test-case name="AggregateSource.ConcurrentUnitOfWorkTests.WithPristineInstance.HasChangesReturnsFalse" executed="True" result="Success" success="True" time="0.001" asserts="1" />
                      <test-case name="AggregateSource.ConcurrentUnitOfWorkTests.WithPristineInstance.TryGetReturnsFalseAndNullAsAggregate" executed="True" result="Success" success="True" time="0.001" asserts="2" />
                    </results>
                  </test-suite>
                </results>
              </test-suite>
              <test-suite type="Namespace" name="EntityTests" executed="True" result="Success" success="True" time="0.015" asserts="0">
                <results>
                  <test-suite type="TestFixture" name="WithAnyInstance" executed="True" result="Success" success="True" time="0.007" asserts="0">
                    <results>
                      <test-case name="AggregateSource.EntityTests.WithAnyInstance.ApplierCanNotBeNull" executed="True" result="Success" success="True" time="0.001" asserts="1" />
                      <test-case name="AggregateSource.EntityTests.WithAnyInstance.ApplyEventCanNotBeNull" executed="True" result="Success" success="True" time="0.000" asserts="1" />
                      <test-case name="AggregateSource.EntityTests.WithAnyInstance.PlayEventCanNotBeNull" executed="True" result="Success" success="True" time="0.000" asserts="1" />
                      <test-case name="AggregateSource.EntityTests.WithAnyInstance.RegisterHandlerCanNotBeNull" executed="True" result="Success" success="True" time="0.001" asserts="1" />
                      <test-case name="AggregateSource.EntityTests.WithAnyInstance.RegisterHandlerCanOnlyBeCalledOncePerEventType" executed="True" result="Success" success="True" time="0.001" asserts="1" />
                    </results>
                  </test-suite>
                  <test-suite type="TestFixture" name="WithInstanceWithHandlers" executed="True" result="Success" success="True" time="0.002" asserts="0">
                    <results>
                      <test-case name="AggregateSource.EntityTests.WithInstanceWithHandlers.ApplyEventCallsApplier" executed="True" result="Success" success="True" time="0.001" asserts="1" />
                      <test-case name="AggregateSource.EntityTests.WithInstanceWithHandlers.PlayCallsHandlerOfEvent" executed="True" result="Success" success="True" time="0.000" asserts="2" />
                    </results>
                  </test-suite>
                  <test-suite type="TestFixture" name="WithInstanceWithoutHandlers" executed="True" result="Success" success="True" time="0.002" asserts="0">
                    <results>
                      <test-case name="AggregateSource.EntityTests.WithInstanceWithoutHandlers.ApplyEventDoesNotThrow" executed="True" result="Success" success="True" time="0.001" asserts="1" />
                      <test-case name="AggregateSource.EntityTests.WithInstanceWithoutHandlers.PlayDoesNotThrow" executed="True" result="Success" success="True" time="0.001" asserts="1" />
                    </results>
                  </test-suite>
                </results>
              </test-suite>
              <test-suite type="Namespace" name="EventRecorderTests" executed="True" result="Success" success="True" time="0.020" asserts="0">
                <results>
                  <test-suite type="TestFixture" name="WithAnyInstance" executed="True" result="Success" success="True" time="0.002" asserts="0">
                    <results>
                      <test-case name="AggregateSource.EventRecorderTests.WithAnyInstance.IsEnumerable" executed="True" result="Success" success="True" time="0.001" asserts="1" />
                      <test-case name="AggregateSource.EventRecorderTests.WithAnyInstance.RecordEventCanNotBeNull" executed="True" result="Success" success="True" time="0.001" asserts="1" />
                    </results>
                  </test-suite>
                  <test-suite type="TestFixture" name="WithEmptyInstance" executed="True" result="Success" success="True" time="0.005" asserts="0">
                    <results>
                      <test-case name="AggregateSource.EventRecorderTests.WithEmptyInstance.ContainsExpectedEventsAfterRecord" executed="True" result="Success" success="True" time="0.000" asserts="1" />
                      <test-case name="AggregateSource.EventRecorderTests.WithEmptyInstance.IsEmpty" executed="True" result="Success" success="True" time="0.000" asserts="1" />
                      <test-case name="AggregateSource.EventRecorderTests.WithEmptyInstance.IsStillEmptyAfterReset" executed="True" result="Success" success="True" time="0.000" asserts="1" />
                      <test-case name="AggregateSource.EventRecorderTests.WithEmptyInstance.RecordDoesNotThrow" executed="True" result="Success" success="True" time="0.000" asserts="1" />
                      <test-case name="AggregateSource.EventRecorderTests.WithEmptyInstance.ResetDoesNotThrow" executed="True" result="Success" success="True" time="0.000" asserts="1" />
                    </results>
                  </test-suite>
                  <test-suite type="TestFixture" name="WithMutatedInstance" executed="True" result="Success" success="True" time="0.010" asserts="0">
                    <results>
                      <test-case name="AggregateSource.EventRecorderTests.WithMutatedInstance.ContainsExpectedEvents" executed="True" result="Success" success="True" time="0.001" asserts="1" />
                      <test-case name="AggregateSource.EventRecorderTests.WithMutatedInstance.ContainsExpectedEventsAfterRecord" executed="True" result="Success" success="True" time="0.000" asserts="1" />
                      <test-case name="AggregateSource.EventRecorderTests.WithMutatedInstance.IsEmptyAfterReset" executed="True" result="Success" success="True" time="0.000" asserts="1" />
                      <test-case name="AggregateSource.EventRecorderTests.WithMutatedInstance.IsNotEmpty" executed="True" result="Success" success="True" time="0.004" asserts="1" />
                      <test-case name="AggregateSource.EventRecorderTests.WithMutatedInstance.RecordDoesNotThrow" executed="True" result="Success" success="True" time="0.000" asserts="1" />
                      <test-case name="AggregateSource.EventRecorderTests.WithMutatedInstance.ResetDoesNotThrow" executed="True" result="Success" success="True" time="0.000" asserts="1" />
                    </results>
                  </test-suite>
                </results>
              </test-suite>
              <test-suite type="Namespace" name="OptionalTests" executed="True" result="Success" success="True" time="0.091" asserts="0">
                <results>
                  <test-suite type="TestFixture" name="WithAnyInstance" executed="True" result="Success" success="True" time="0.001" asserts="0">
                    <results>
                      <test-case name="AggregateSource.OptionalTests.WithAnyInstance.IsEquatable" executed="True" result="Success" success="True" time="0.000" asserts="1" />
                    </results>
                  </test-suite>
                  <test-suite type="TestFixture" name="WithEmptyReferenceTypeInstance" executed="True" result="Success" success="True" time="0.020" asserts="0">
                    <results>
                      <test-case name="AggregateSource.OptionalTests.WithEmptyReferenceTypeInstance.WithEmptyInstanceFixture`1.DoesEqualItself" executed="True" result="Success" success="True" time="0.001" asserts="1" />
                      <test-case name="AggregateSource.OptionalTests.WithEmptyReferenceTypeInstance.WithEmptyInstanceFixture`1.DoesNotEqualNull" executed="True" result="Success" success="True" time="0.001" asserts="1" />
                      <test-case name="AggregateSource.OptionalTests.WithEmptyReferenceTypeInstance.WithEmptyInstanceFixture`1.DoesNotEqualObjectOfOtherType" executed="True" result="Success" success="True" time="0.000" asserts="1" />
                      <test-case name="AggregateSource.OptionalTests.WithEmptyReferenceTypeInstance.WithEmptyInstanceFixture`1.DoesNotObjectEqualNull" executed="True" result="Success" success="True" time="0.000" asserts="1" />
                      <test-case name="AggregateSource.OptionalTests.WithEmptyReferenceTypeInstance.WithEmptyInstanceFixture`1.DoesObjectEqualItself" executed="True" result="Success" success="True" time="0.000" asserts="1" />
                      <test-case name="AggregateSource.OptionalTests.WithEmptyReferenceTypeInstance.WithEmptyInstanceFixture`1.HasValueReturnsFalse" executed="True" result="Success" success="True" time="0.000" asserts="1" />
                      <test-case name="AggregateSource.OptionalTests.WithEmptyReferenceTypeInstance.WithEmptyInstanceFixture`1.ObjectEnumerationIsEmpty" executed="True" result="Success" success="True" time="0.001" asserts="1" />
                      <test-case name="AggregateSource.OptionalTests.WithEmptyReferenceTypeInstance.WithEmptyInstanceFixture`1.TwoInstanceHaveTheSameHashCodeIfTheyBothDoNotHaveAValueAndAreOfTheSameValueType" executed="True" result="Success" success="True" time="0.000" asserts="1" />
                      <test-case name="AggregateSource.OptionalTests.WithEmptyReferenceTypeInstance.WithEmptyInstanceFixture`1.TwoInstancesAreEqualIfTheyBothDoNotHaveAValueAndAreOfTheSameValueType" executed="True" result="Success" success="True" time="0.000" asserts="1" />
                      <test-case name="AggregateSource.OptionalTests.WithEmptyReferenceTypeInstance.WithEmptyInstanceFixture`1.TwoInstancesAreNotEqualIfTheOtherHasAValueAndIsOfDifferentValueType" executed="True" result="Success" success="True" time="0.000" asserts="1" />
                      <test-case name="AggregateSource.OptionalTests.WithEmptyReferenceTypeInstance.WithEmptyInstanceFixture`1.TwoInstancesAreNotEqualIfTheOtherHasAValueAndIsOfTheSameValueType" executed="True" result="Success" success="True" time="0.000" asserts="1" />
                      <test-case name="AggregateSource.OptionalTests.WithEmptyReferenceTypeInstance.WithEmptyInstanceFixture`1.TwoInstancesAreNotEqualIfTheOtherHasNoValueAndIsOfDifferentValueType" executed="True" result="Success" success="True" time="0.001" asserts="1" />
                      <test-case name="AggregateSource.OptionalTests.WithEmptyReferenceTypeInstance.WithEmptyInstanceFixture`1.TwoInstancesDoNotHaveTheSameHashCodeIfTheOtherHasAValueAndIsOfDifferentValueType" executed="True" result="Success" success="True" time="0.001" asserts="1" />
                      <test-case name="AggregateSource.OptionalTests.WithEmptyReferenceTypeInstance.WithEmptyInstanceFixture`1.TwoInstancesDoNotHaveTheSameHashCodeIfTheOtherHasAValueAndIsOfTheSameValueType" executed="True" result="Success" success="True" time="0.001" asserts="1" />
                      <test-case name="AggregateSource.OptionalTests.WithEmptyReferenceTypeInstance.WithEmptyInstanceFixture`1.TwoInstancesDoNotHaveTheSameHashCodeIfTheOtherHasNoValueAndIsOfDifferentValueType" executed="True" result="Success" success="True" time="0.001" asserts="1" />
                      <test-case name="AggregateSource.OptionalTests.WithEmptyReferenceTypeInstance.WithEmptyInstanceFixture`1.TypedEnumerationIsEmpty" executed="True" result="Success" success="True" time="0.001" asserts="1" />
                      <test-case name="AggregateSource.OptionalTests.WithEmptyReferenceTypeInstance.WithEmptyInstanceFixture`1.ValueThrows" executed="True" result="Success" success="True" time="0.001" asserts="1" />
                    </results>
                  </test-suite>
                  <test-suite type="TestFixture" name="WithEmptyValueTypeInstance" executed="True" result="Success" success="True" time="0.017" asserts="0">
                    <results>
                      <test-case name="AggregateSource.OptionalTests.WithEmptyValueTypeInstance.WithEmptyInstanceFixture`1.DoesEqualItself" executed="True" result="Success" success="True" time="0.001" asserts="1" />
                      <test-case name="AggregateSource.OptionalTests.WithEmptyValueTypeInstance.WithEmptyInstanceFixture`1.DoesNotEqualNull" executed="True" result="Success" success="True" time="0.001" asserts="1" />
                      <test-case name="AggregateSource.OptionalTests.WithEmptyValueTypeInstance.WithEmptyInstanceFixture`1.DoesNotEqualObjectOfOtherType" executed="True" result="Success" success="True" time="0.000" asserts="1" />
                      <test-case name="AggregateSource.OptionalTests.WithEmptyValueTypeInstance.WithEmptyInstanceFixture`1.DoesNotObjectEqualNull" executed="True" result="Success" success="True" time="0.001" asserts="1" />
                      <test-case name="AggregateSource.OptionalTests.WithEmptyValueTypeInstance.WithEmptyInstanceFixture`1.DoesObjectEqualItself" executed="True" result="Success" success="True" time="0.001" asserts="1" />
                      <test-case name="AggregateSource.OptionalTests.WithEmptyValueTypeInstance.WithEmptyInstanceFixture`1.HasValueReturnsFalse" executed="True" result="Success" success="True" time="0.000" asserts="1" />
                      <test-case name="AggregateSource.OptionalTests.WithEmptyValueTypeInstance.WithEmptyInstanceFixture`1.ObjectEnumerationIsEmpty" executed="True" result="Success" success="True" time="0.001" asserts="1" />
                      <test-case name="AggregateSource.OptionalTests.WithEmptyValueTypeInstance.WithEmptyInstanceFixture`1.TwoInstanceHaveTheSameHashCodeIfTheyBothDoNotHaveAValueAndAreOfTheSameValueType" executed="True" result="Success" success="True" time="0.000" asserts="1" />
                      <test-case name="AggregateSource.OptionalTests.WithEmptyValueTypeInstance.WithEmptyInstanceFixture`1.TwoInstancesAreEqualIfTheyBothDoNotHaveAValueAndAreOfTheSameValueType" executed="True" result="Success" success="True" time="0.000" asserts="1" />
                      <test-case name="AggregateSource.OptionalTests.WithEmptyValueTypeInstance.WithEmptyInstanceFixture`1.TwoInstancesAreNotEqualIfTheOtherHasAValueAndIsOfDifferentValueType" executed="True" result="Success" success="True" time="0.000" asserts="1" />
                      <test-case name="AggregateSource.OptionalTests.WithEmptyValueTypeInstance.WithEmptyInstanceFixture`1.TwoInstancesAreNotEqualIfTheOtherHasAValueAndIsOfTheSameValueType" executed="True" result="Success" success="True" time="0.000" asserts="1" />
                      <test-case name="AggregateSource.OptionalTests.WithEmptyValueTypeInstance.WithEmptyInstanceFixture`1.TwoInstancesAreNotEqualIfTheOtherHasNoValueAndIsOfDifferentValueType" executed="True" result="Success" success="True" time="0.000" asserts="1" />
                      <test-case name="AggregateSource.OptionalTests.WithEmptyValueTypeInstance.WithEmptyInstanceFixture`1.TwoInstancesDoNotHaveTheSameHashCodeIfTheOtherHasAValueAndIsOfDifferentValueType" executed="True" result="Success" success="True" time="0.000" asserts="1" />
                      <test-case name="AggregateSource.OptionalTests.WithEmptyValueTypeInstance.WithEmptyInstanceFixture`1.TwoInstancesDoNotHaveTheSameHashCodeIfTheOtherHasAValueAndIsOfTheSameValueType" executed="True" result="Success" success="True" time="0.000" asserts="1" />
                      <test-case name="AggregateSource.OptionalTests.WithEmptyValueTypeInstance.WithEmptyInstanceFixture`1.TwoInstancesDoNotHaveTheSameHashCodeIfTheOtherHasNoValueAndIsOfDifferentValueType" executed="True" result="Success" success="True" time="0.000" asserts="1" />
                      <test-case name="AggregateSource.OptionalTests.WithEmptyValueTypeInstance.WithEmptyInstanceFixture`1.TypedEnumerationIsEmpty" executed="True" result="Success" success="True" time="0.000" asserts="1" />
                      <test-case name="AggregateSource.OptionalTests.WithEmptyValueTypeInstance.WithEmptyInstanceFixture`1.ValueThrows" executed="True" result="Success" success="True" time="0.000" asserts="1" />
                    </results>
                  </test-suite>
                  <test-suite type="TestFixture" name="WithFilledReferenceTypeInstance" executed="True" result="Success" success="True" time="0.021" asserts="0">
                    <results>
                      <test-case name="AggregateSource.OptionalTests.WithFilledReferenceTypeInstance.WithFilledInstance`1.DoesEqualItself" executed="True" result="Success" success="True" time="0.000" asserts="1" />
                      <test-case name="AggregateSource.OptionalTests.WithFilledReferenceTypeInstance.WithFilledInstance`1.DoesNotEqualNull" executed="True" result="Success" success="True" time="0.000" asserts="1" />
                      <test-case name="AggregateSource.OptionalTests.WithFilledReferenceTypeInstance.WithFilledInstance`1.DoesNotEqualObjectOfOtherType" executed="True" result="Success" success="True" time="0.000" asserts="1" />
                      <test-case name="AggregateSource.OptionalTests.WithFilledReferenceTypeInstance.WithFilledInstance`1.DoesNotObjectEqualNull" executed="True" result="Success" success="True" time="0.000" asserts="1" />
                      <test-case name="AggregateSource.OptionalTests.WithFilledReferenceTypeInstance.WithFilledInstance`1.DoesObjectEqualItself" executed="True" result="Success" success="True" time="0.000" asserts="1" />
                      <test-case name="AggregateSource.OptionalTests.WithFilledReferenceTypeInstance.WithFilledInstance`1.HasValueReturnsTrue" executed="True" result="Success" success="True" time="0.000" asserts="1" />
                      <test-case name="AggregateSource.OptionalTests.WithFilledReferenceTypeInstance.WithFilledInstance`1.ObjectEnumerationReturnsInitializationValue" executed="True" result="Success" success="True" time="0.000" asserts="1" />
                      <test-case name="AggregateSource.OptionalTests.WithFilledReferenceTypeInstance.WithFilledInstance`1.TwoInstancesAreEqualIfTheyBothHaveTheSameValue" executed="True" result="Success" success="True" time="0.000" asserts="1" />
                      <test-case name="AggregateSource.OptionalTests.WithFilledReferenceTypeInstance.WithFilledInstance`1.TwoInstancesAreNotEqualIfTheOtherHasDifferentValue" executed="True" result="Success" success="True" time="0.000" asserts="1" />
                      <test-case name="AggregateSource.OptionalTests.WithFilledReferenceTypeInstance.WithFilledInstance`1.TwoInstancesAreNotEqualIfTheOtherHasDifferentValueAndIsOfDifferentType" executed="True" result="Success" success="True" time="0.001" asserts="1" />
                      <test-case name="AggregateSource.OptionalTests.WithFilledReferenceTypeInstance.WithFilledInstance`1.TwoInstancesAreNotEqualIfTheOtherHasNoValue" executed="True" result="Success" success="True" time="0.000" asserts="1" />
                      <test-case name="AggregateSource.OptionalTests.WithFilledReferenceTypeInstance.WithFilledInstance`1.TwoInstancesAreNotEqualIfTheOtherHasNoValueAndIsOfDifferentType" executed="True" result="Success" success="True" time="0.000" asserts="1" />
                      <test-case name="AggregateSource.OptionalTests.WithFilledReferenceTypeInstance.WithFilledInstance`1.TwoInstancesDoNotHaveTheSameHashCodeIfTheOtherHasDifferentValue" executed="True" result="Success" success="True" time="0.000" asserts="1" />
                      <test-case name="AggregateSource.OptionalTests.WithFilledReferenceTypeInstance.WithFilledInstance`1.TwoInstancesDoNotHaveTheSameHashCodeIfTheOtherHasDifferentValueAndIsOfDifferentValueType" executed="True" result="Success" success="True" time="0.000" asserts="1" />
                      <test-case name="AggregateSource.OptionalTests.WithFilledReferenceTypeInstance.WithFilledInstance`1.TwoInstancesDoNotHaveTheSameHashCodeIfTheOtherHasNoValue" executed="True" result="Success" success="True" time="0.001" asserts="1" />
                      <test-case name="AggregateSource.OptionalTests.WithFilledReferenceTypeInstance.WithFilledInstance`1.TwoInstancesDoNotHaveTheSameHashCodeIfTheOtherHasNoValueAndIsOfDifferentValueType" executed="True" result="Success" success="True" time="0.000" asserts="1" />
                      <test-case name="AggregateSource.OptionalTests.WithFilledReferenceTypeInstance.WithFilledInstance`1.TwoInstancesHaveTheSameHashCodeIfTheyBothHaveTheSameValue" executed="True" result="Success" success="True" time="0.001" asserts="1" />
                      <test-case name="AggregateSource.OptionalTests.WithFilledReferenceTypeInstance.WithFilledInstance`1.TypedEnumerationReturnsInitializationValue" executed="True" result="Success" success="True" time="0.001" asserts="1" />
                      <test-case name="AggregateSource.OptionalTests.WithFilledReferenceTypeInstance.WithFilledInstance`1.ValueReturnsInitializationValue" executed="True" result="Success" success="True" time="0.001" asserts="1" />
                    </results>
                  </test-suite>
                  <test-suite type="TestFixture" name="WithFilledValueTypeInstance" executed="True" result="Success" success="True" time="0.019" asserts="0">
                    <results>
                      <test-case name="AggregateSource.OptionalTests.WithFilledValueTypeInstance.WithFilledInstance`1.DoesEqualItself" executed="True" result="Success" success="True" time="0.001" asserts="1" />
                      <test-case name="AggregateSource.OptionalTests.WithFilledValueTypeInstance.WithFilledInstance`1.DoesNotEqualNull" executed="True" result="Success" success="True" time="0.000" asserts="1" />
                      <test-case name="AggregateSource.OptionalTests.WithFilledValueTypeInstance.WithFilledInstance`1.DoesNotEqualObjectOfOtherType" executed="True" result="Success" success="True" time="0.000" asserts="1" />
                      <test-case name="AggregateSource.OptionalTests.WithFilledValueTypeInstance.WithFilledInstance`1.DoesNotObjectEqualNull" executed="True" result="Success" success="True" time="0.000" asserts="1" />
                      <test-case name="AggregateSource.OptionalTests.WithFilledValueTypeInstance.WithFilledInstance`1.DoesObjectEqualItself" executed="True" result="Success" success="True" time="0.001" asserts="1" />
                      <test-case name="AggregateSource.OptionalTests.WithFilledValueTypeInstance.WithFilledInstance`1.HasValueReturnsTrue" executed="True" result="Success" success="True" time="0.001" asserts="1" />
                      <test-case name="AggregateSource.OptionalTests.WithFilledValueTypeInstance.WithFilledInstance`1.ObjectEnumerationReturnsInitializationValue" executed="True" result="Success" success="True" time="0.001" asserts="1" />
                      <test-case name="AggregateSource.OptionalTests.WithFilledValueTypeInstance.WithFilledInstance`1.TwoInstancesAreEqualIfTheyBothHaveTheSameValue" executed="True" result="Success" success="True" time="0.001" asserts="1" />
                      <test-case name="AggregateSource.OptionalTests.WithFilledValueTypeInstance.WithFilledInstance`1.TwoInstancesAreNotEqualIfTheOtherHasDifferentValue" executed="True" result="Success" success="True" time="0.000" asserts="1" />
                      <test-case name="AggregateSource.OptionalTests.WithFilledValueTypeInstance.WithFilledInstance`1.TwoInstancesAreNotEqualIfTheOtherHasDifferentValueAndIsOfDifferentType" executed="True" result="Success" success="True" time="0.000" asserts="1" />
                      <test-case name="AggregateSource.OptionalTests.WithFilledValueTypeInstance.WithFilledInstance`1.TwoInstancesAreNotEqualIfTheOtherHasNoValue" executed="True" result="Success" success="True" time="0.000" asserts="1" />
                      <test-case name="AggregateSource.OptionalTests.WithFilledValueTypeInstance.WithFilledInstance`1.TwoInstancesAreNotEqualIfTheOtherHasNoValueAndIsOfDifferentType" executed="True" result="Success" success="True" time="0.000" asserts="1" />
                      <test-case name="AggregateSource.OptionalTests.WithFilledValueTypeInstance.WithFilledInstance`1.TwoInstancesDoNotHaveTheSameHashCodeIfTheOtherHasDifferentValue" executed="True" result="Success" success="True" time="0.000" asserts="1" />
                      <test-case name="AggregateSource.OptionalTests.WithFilledValueTypeInstance.WithFilledInstance`1.TwoInstancesDoNotHaveTheSameHashCodeIfTheOtherHasDifferentValueAndIsOfDifferentValueType" executed="True" result="Success" success="True" time="0.000" asserts="1" />
                      <test-case name="AggregateSource.OptionalTests.WithFilledValueTypeInstance.WithFilledInstance`1.TwoInstancesDoNotHaveTheSameHashCodeIfTheOtherHasNoValue" executed="True" result="Success" success="True" time="0.000" asserts="1" />
                      <test-case name="AggregateSource.OptionalTests.WithFilledValueTypeInstance.WithFilledInstance`1.TwoInstancesDoNotHaveTheSameHashCodeIfTheOtherHasNoValueAndIsOfDifferentValueType" executed="True" result="Success" success="True" time="0.000" asserts="1" />
                      <test-case name="AggregateSource.OptionalTests.WithFilledValueTypeInstance.WithFilledInstance`1.TwoInstancesHaveTheSameHashCodeIfTheyBothHaveTheSameValue" executed="True" result="Success" success="True" time="0.000" asserts="1" />
                      <test-case name="AggregateSource.OptionalTests.WithFilledValueTypeInstance.WithFilledInstance`1.TypedEnumerationReturnsInitializationValue" executed="True" result="Success" success="True" time="0.000" asserts="1" />
                      <test-case name="AggregateSource.OptionalTests.WithFilledValueTypeInstance.WithFilledInstance`1.ValueReturnsInitializationValue" executed="True" result="Success" success="True" time="0.000" asserts="1" />
                    </results>
                  </test-suite>
                </results>
              </test-suite>
              <test-suite type="Namespace" name="Reactive" executed="True" result="Success" success="True" time="0.053" asserts="0">
                <results>
                  <test-suite type="Namespace" name="ObservableAggregateRootEntityTests" executed="True" result="Success" success="True" time="0.053" asserts="0">
                    <results>
                      <test-suite type="TestFixture" name="WithAnyInstance" executed="True" result="Success" success="True" time="0.010" asserts="0">
                        <results>
                          <test-case name="AggregateSource.Reactive.ObservableAggregateRootEntityTests.WithAnyInstance.ApplyCanBeInterceptedAfterApplication" executed="True" result="Success" success="True" time="0.002" asserts="1" />
                          <test-case name="AggregateSource.Reactive.ObservableAggregateRootEntityTests.WithAnyInstance.ApplyCanBeInterceptedBeforeApplication" executed="True" result="Success" success="True" time="0.000" asserts="1" />
                          <test-case name="AggregateSource.Reactive.ObservableAggregateRootEntityTests.WithAnyInstance.ApplyEventCanNotBeNull" executed="True" result="Success" success="True" time="0.000" asserts="1" />
                          <test-case name="AggregateSource.Reactive.ObservableAggregateRootEntityTests.WithAnyInstance.InitializeEventsCanNotBeNull" executed="True" result="Success" success="True" time="0.001" asserts="1" />
                          <test-case name="AggregateSource.Reactive.ObservableAggregateRootEntityTests.WithAnyInstance.IsObservableAggregateRootEntity" executed="True" result="Success" success="True" time="0.000" asserts="1" />
                          <test-case name="AggregateSource.Reactive.ObservableAggregateRootEntityTests.WithAnyInstance.RegisterHandlerCanNotBeNull" executed="True" result="Success" success="True" time="0.000" asserts="1" />
                          <test-case name="AggregateSource.Reactive.ObservableAggregateRootEntityTests.WithAnyInstance.RegisterHandlerCanOnlyBeCalledOncePerEventType" executed="True" result="Success" success="True" time="0.000" asserts="1" />
                        </results>
                      </test-suite>
                      <test-suite type="TestFixture" name="WithChangedInstance" executed="True" result="Success" success="True" time="0.004" asserts="0">
                        <results>
                          <test-case name="AggregateSource.Reactive.ObservableAggregateRootEntityTests.WithChangedInstance.ClearChangesDoesNothing" executed="True" result="Success" success="True" time="0.000" asserts="1" />
                          <test-case name="AggregateSource.Reactive.ObservableAggregateRootEntityTests.WithChangedInstance.GetChangesReturnsEmpty" executed="True" result="Success" success="True" time="0.000" asserts="1" />
                          <test-case name="AggregateSource.Reactive.ObservableAggregateRootEntityTests.WithChangedInstance.HasChangesReturnsFalse" executed="True" result="Success" success="True" time="0.000" asserts="1" />
                          <test-case name="AggregateSource.Reactive.ObservableAggregateRootEntityTests.WithChangedInstance.InitializeThrows" executed="True" result="Success" success="True" time="0.001" asserts="1" />
                        </results>
                      </test-suite>
                      <test-suite type="TestFixture" name="WithChangedThenClearedInstance" executed="True" result="Success" success="True" time="0.004" asserts="0">
                        <results>
                          <test-case name="AggregateSource.Reactive.ObservableAggregateRootEntityTests.WithChangedThenClearedInstance.ClearChangesDoesNothing" executed="True" result="Success" success="True" time="0.000" asserts="1" />
                          <test-case name="AggregateSource.Reactive.ObservableAggregateRootEntityTests.WithChangedThenClearedInstance.GetChangesReturnsEmpty" executed="True" result="Success" success="True" time="0.000" asserts="1" />
                          <test-case name="AggregateSource.Reactive.ObservableAggregateRootEntityTests.WithChangedThenClearedInstance.HasChangesReturnsFalse" executed="True" result="Success" success="True" time="0.000" asserts="1" />
                          <test-case name="AggregateSource.Reactive.ObservableAggregateRootEntityTests.WithChangedThenClearedInstance.InitializeDoesNotThrow" executed="True" result="Success" success="True" time="0.000" asserts="1" />
                        </results>
                      </test-suite>
                      <test-suite type="TestFixture" name="WithInitializedInstance" executed="True" result="Success" success="True" time="0.004" asserts="0">
                        <results>
                          <test-case name="AggregateSource.Reactive.ObservableAggregateRootEntityTests.WithInitializedInstance.ClearChangesDoesNothing" executed="True" result="Success" success="True" time="0.000" asserts="1" />
                          <test-case name="AggregateSource.Reactive.ObservableAggregateRootEntityTests.WithInitializedInstance.GetChangesReturnsEmpty" executed="True" result="Success" success="True" time="0.000" asserts="1" />
                          <test-case name="AggregateSource.Reactive.ObservableAggregateRootEntityTests.WithInitializedInstance.HasChangesReturnsFalse" executed="True" result="Success" success="True" time="0.000" asserts="1" />
                          <test-case name="AggregateSource.Reactive.ObservableAggregateRootEntityTests.WithInitializedInstance.InitializeDoesNotThrow" executed="True" result="Success" success="True" time="0.000" asserts="1" />
                        </results>
                      </test-suite>
                      <test-suite type="TestFixture" name="WithInitializedThenChangedInstance" executed="True" result="Success" success="True" time="0.004" asserts="0">
                        <results>
                          <test-case name="AggregateSource.Reactive.ObservableAggregateRootEntityTests.WithInitializedThenChangedInstance.ClearChangesDoesNothing" executed="True" result="Success" success="True" time="0.001" asserts="1" />
                          <test-case name="AggregateSource.Reactive.ObservableAggregateRootEntityTests.WithInitializedThenChangedInstance.GetChangesReturnsEmpty" executed="True" result="Success" success="True" time="0.000" asserts="1" />
                          <test-case name="AggregateSource.Reactive.ObservableAggregateRootEntityTests.WithInitializedThenChangedInstance.HasChangesReturnsFalse" executed="True" result="Success" success="True" time="0.000" asserts="1" />
                          <test-case name="AggregateSource.Reactive.ObservableAggregateRootEntityTests.WithInitializedThenChangedInstance.InitializeThrows" executed="True" result="Success" success="True" time="0.000" asserts="1" />
                        </results>
                      </test-suite>
                      <test-suite type="TestFixture" name="WithInitializedThenChangedThenClearedInstance" executed="True" result="Success" success="True" time="0.004" asserts="0">
                        <results>
                          <test-case name="AggregateSource.Reactive.ObservableAggregateRootEntityTests.WithInitializedThenChangedThenClearedInstance.ClearChangesDoesNothing" executed="True" result="Success" success="True" time="0.001" asserts="1" />
                          <test-case name="AggregateSource.Reactive.ObservableAggregateRootEntityTests.WithInitializedThenChangedThenClearedInstance.GetChangesReturnsEmpty" executed="True" result="Success" success="True" time="0.000" asserts="1" />
                          <test-case name="AggregateSource.Reactive.ObservableAggregateRootEntityTests.WithInitializedThenChangedThenClearedInstance.HasChangesReturnsFalse" executed="True" result="Success" success="True" time="0.000" asserts="1" />
                          <test-case name="AggregateSource.Reactive.ObservableAggregateRootEntityTests.WithInitializedThenChangedThenClearedInstance.InitializeDoesNotThrow" executed="True" result="Success" success="True" time="0.000" asserts="1" />
                        </results>
                      </test-suite>
                      <test-suite type="TestFixture" name="WithInstanceWithHandlers" executed="True" result="Success" success="True" time="0.002" asserts="0">
                        <results>
                          <test-case name="AggregateSource.Reactive.ObservableAggregateRootEntityTests.WithInstanceWithHandlers.ApplyEventCallsEventHandler" executed="True" result="Success" success="True" time="0.001" asserts="2" />
                          <test-case name="AggregateSource.Reactive.ObservableAggregateRootEntityTests.WithInstanceWithHandlers.InitializeCallsHandlerForEachEvent" executed="True" result="Success" success="True" time="0.000" asserts="2" />
                        </results>
                      </test-suite>
                      <test-suite type="TestFixture" name="WithInstanceWithoutHandlers" executed="True" result="Success" success="True" time="0.002" asserts="0">
                        <results>
                          <test-case name="AggregateSource.Reactive.ObservableAggregateRootEntityTests.WithInstanceWithoutHandlers.ApplyEventDoesNotThrow" executed="True" result="Success" success="True" time="0.000" asserts="1" />
                          <test-case name="AggregateSource.Reactive.ObservableAggregateRootEntityTests.WithInstanceWithoutHandlers.InitializeDoesNotThrow" executed="True" result="Success" success="True" time="0.000" asserts="1" />
                        </results>
                      </test-suite>
                      <test-suite type="TestFixture" name="WithPristineInstance" executed="True" result="Success" success="True" time="0.004" asserts="0">
                        <results>
                          <test-case name="AggregateSource.Reactive.ObservableAggregateRootEntityTests.WithPristineInstance.ClearChangesDoesNothing" executed="True" result="Success" success="True" time="0.001" asserts="1" />
                          <test-case name="AggregateSource.Reactive.ObservableAggregateRootEntityTests.WithPristineInstance.GetChangesReturnsEmpty" executed="True" result="Success" success="True" time="0.001" asserts="1" />
                          <test-case name="AggregateSource.Reactive.ObservableAggregateRootEntityTests.WithPristineInstance.HasChangesReturnsFalse" executed="True" result="Success" success="True" time="0.001" asserts="1" />
                          <test-case name="AggregateSource.Reactive.ObservableAggregateRootEntityTests.WithPristineInstance.InitializeDoesNotThrow" executed="True" result="Success" success="True" time="0.001" asserts="1" />
                        </results>
                      </test-suite>
                    </results>
                  </test-suite>
                </results>
              </test-suite>
              <test-suite type="Namespace" name="Testing" executed="True" result="Success" success="True" time="0.349" asserts="0">
                <results>
                  <test-suite type="Namespace" name="BatchOfTests" executed="True" result="Success" success="True" time="0.016" asserts="0">
                    <results>
                      <test-suite type="TestFixture" name="FactsTests" executed="True" result="Success" success="True" time="0.005" asserts="0">
                        <results>
                          <test-case name="AggregateSource.Testing.BatchOfTests.FactsTests.FactsCannotBeNull" executed="True" result="Success" success="True" time="0.000" asserts="1" />
                          <test-case name="AggregateSource.Testing.BatchOfTests.FactsTests.WhenFactsAreSpecifiedThenReturnsExpectedResult" executed="True" result="Success" success="True" time="0.001" asserts="1" />
                          <test-case name="AggregateSource.Testing.BatchOfTests.FactsTests.WhenNewEventsAreSpecifiedThenReturnsCombinedExpectedResult" executed="True" result="Success" success="True" time="0.001" asserts="1" />
                          <test-case name="AggregateSource.Testing.BatchOfTests.FactsTests.WhenNoFactsAreSpecifiedThenReturnsEmpty" executed="True" result="Success" success="True" time="0.000" asserts="1" />
                        </results>
                      </test-suite>
                      <test-suite type="TestFixture" name="FactTests" executed="True" result="Success" success="True" time="0.006" asserts="0">
                        <results>
                          <test-case name="AggregateSource.Testing.BatchOfTests.FactTests.EventsCannotBeNull" executed="True" result="Success" success="True" time="0.001" asserts="1" />
                          <test-case name="AggregateSource.Testing.BatchOfTests.FactTests.IdentifierCannotBeNull" executed="True" result="Success" success="True" time="0.000" asserts="1" />
                          <test-case name="AggregateSource.Testing.BatchOfTests.FactTests.WhenEventsAreSpecifiedThenReturnsExpectedResult" executed="True" result="Success" success="True" time="0.001" asserts="1" />
                          <test-case name="AggregateSource.Testing.BatchOfTests.FactTests.WhenNewEventsAreSpecifiedThenReturnsCombinedExpectedResult" executed="True" result="Success" success="True" time="0.001" asserts="1" />
                          <test-case name="AggregateSource.Testing.BatchOfTests.FactTests.WhenNoEventsAreSpecifiedThenReturnsEmpty" executed="True" result="Success" success="True" time="0.000" asserts="1" />
                        </results>
                      </test-suite>
                      <test-suite type="TestFixture" name="InitialInstanceTests" executed="True" result="Success" success="True" time="0.001" asserts="0">
                        <results>
                          <test-case name="AggregateSource.Testing.BatchOfTests.InitialInstanceTests.IsEmpty" executed="True" result="Success" success="True" time="0.001" asserts="1" />
                        </results>
                      </test-suite>
                    </results>
                  </test-suite>
                  <test-suite type="TestFixture" name="EventCentricTestSpecificationTests" executed="True" result="Success" success="True" time="0.125" asserts="0">
                    <results>
                      <test-case name="AggregateSource.Testing.EventCentricTestSpecificationTests.DoesEqualItself" executed="True" result="Success" success="True" time="0.000" asserts="1" />
                      <test-case name="AggregateSource.Testing.EventCentricTestSpecificationTests.DoesNotEqualNull" executed="True" result="Success" success="True" time="0.000" asserts="1" />
                      <test-case name="AggregateSource.Testing.EventCentricTestSpecificationTests.DoesNotEqualObjectOfOtherType" executed="True" result="Success" success="True" time="0.000" asserts="1" />
                      <test-case name="AggregateSource.Testing.EventCentricTestSpecificationTests.FailReturnsExpectedResult" executed="True" result="Success" success="True" time="0.002" asserts="5" />
                      <test-case name="AggregateSource.Testing.EventCentricTestSpecificationTests.FailWithActualEventsReturnsExpectedResult" executed="True" result="Success" success="True" time="0.001" asserts="5" />
                      <test-case name="AggregateSource.Testing.EventCentricTestSpecificationTests.FailWithActualExceptionReturnsExpectedResult" executed="True" result="Success" success="True" time="0.001" asserts="5" />
                      <test-case name="AggregateSource.Testing.EventCentricTestSpecificationTests.FailWithNullEventsThrows" executed="True" result="Success" success="True" time="0.000" asserts="1" />
                      <test-case name="AggregateSource.Testing.EventCentricTestSpecificationTests.FailWithNullExceptionThrows" executed="True" result="Success" success="True" time="0.000" asserts="1" />
                      <test-case name="AggregateSource.Testing.EventCentricTestSpecificationTests.GivensNullThrows" executed="True" result="Success" success="True" time="0.000" asserts="1" />
                      <test-case name="AggregateSource.Testing.EventCentricTestSpecificationTests.PassReturnsExpectedResult" executed="True" result="Success" success="True" time="0.001" asserts="5" />
                      <test-case name="AggregateSource.Testing.EventCentricTestSpecificationTests.ThenNullThrows" executed="True" result="Success" success="True" time="0.000" asserts="1" />
                      <test-suite type="Theory" name="TwoInstancesAreEqualIfTheyHaveTheSameProperties" executed="True" result="Success" success="True" time="0.013" asserts="0">
                        <results>
                          <test-case name="AggregateSource.Testing.EventCentricTestSpecificationTests.TwoInstancesAreEqualIfTheyHaveTheSameProperties(System.Tuple`2[System.String,System.Object][],System.Object,System.Tuple`2[System.String,System.Object][])" executed="True" result="Success" success="True" time="0.000" asserts="1" />
                          <test-case name="AggregateSource.Testing.EventCentricTestSpecificationTests.TwoInstancesAreEqualIfTheyHaveTheSameProperties(System.Tuple`2[System.String,System.Object][],System.Object,System.Tuple`2[System.String,System.Object][])" executed="True" result="Success" success="True" time="0.000" asserts="1" />
                          <test-case name="AggregateSource.Testing.EventCentricTestSpecificationTests.TwoInstancesAreEqualIfTheyHaveTheSameProperties(System.Tuple`2[System.String,System.Object][],System.Object,System.Tuple`2[System.String,System.Object][])" executed="True" result="Success" success="True" time="0.000" asserts="1" />
                          <test-case name="AggregateSource.Testing.EventCentricTestSpecificationTests.TwoInstancesAreEqualIfTheyHaveTheSameProperties(System.Tuple`2[System.String,System.Object][],System.Object,System.Tuple`2[System.String,System.Object][])" executed="True" result="Success" success="True" time="0.000" asserts="1" />
                          <test-case name="AggregateSource.Testing.EventCentricTestSpecificationTests.TwoInstancesAreEqualIfTheyHaveTheSameProperties(System.Tuple`2[System.String,System.Object][],System.Object,System.Tuple`2[System.String,System.Object][])" executed="True" result="Success" success="True" time="0.000" asserts="1" />
                          <test-case name="AggregateSource.Testing.EventCentricTestSpecificationTests.TwoInstancesAreEqualIfTheyHaveTheSameProperties(System.Tuple`2[System.String,System.Object][],System.Object,System.Tuple`2[System.String,System.Object][])" executed="True" result="Success" success="True" time="0.000" asserts="1" />
                          <test-case name="AggregateSource.Testing.EventCentricTestSpecificationTests.TwoInstancesAreEqualIfTheyHaveTheSameProperties(System.Tuple`2[System.String,System.Object][],System.Object,System.Tuple`2[System.String,System.Object][])" executed="True" result="Success" success="True" time="0.000" asserts="1" />
                          <test-case name="AggregateSource.Testing.EventCentricTestSpecificationTests.TwoInstancesAreEqualIfTheyHaveTheSameProperties(System.Tuple`2[System.String,System.Object][],System.Object,System.Tuple`2[System.String,System.Object][])" executed="True" result="Success" success="True" time="0.001" asserts="1" />
                          <test-case name="AggregateSource.Testing.EventCentricTestSpecificationTests.TwoInstancesAreEqualIfTheyHaveTheSameProperties(System.Tuple`2[System.String,System.Object][],System.Object,System.Tuple`2[System.String,System.Object][])" executed="True" result="Success" success="True" time="0.000" asserts="1" />
                          <test-case name="AggregateSource.Testing.EventCentricTestSpecificationTests.TwoInstancesAreEqualIfTheyHaveTheSameProperties(System.Tuple`2[System.String,System.Object][],System.Object,System.Tuple`2[System.String,System.Object][])" executed="True" result="Success" success="True" time="0.000" asserts="1" />
                          <test-case name="AggregateSource.Testing.EventCentricTestSpecificationTests.TwoInstancesAreEqualIfTheyHaveTheSameProperties(System.Tuple`2[System.String,System.Object][],System.Object,System.Tuple`2[System.String,System.Object][])" executed="True" result="Success" success="True" time="0.000" asserts="1" />
                          <test-case name="AggregateSource.Testing.EventCentricTestSpecificationTests.TwoInstancesAreEqualIfTheyHaveTheSameProperties(System.Tuple`2[System.String,System.Object][],System.Object,System.Tuple`2[System.String,System.Object][])" executed="True" result="Success" success="True" time="0.000" asserts="1" />
                          <test-case name="AggregateSource.Testing.EventCentricTestSpecificationTests.TwoInstancesAreEqualIfTheyHaveTheSameProperties(System.Tuple`2[System.String,System.Object][],System.Object,System.Tuple`2[System.String,System.Object][])" executed="True" result="Success" success="True" time="0.000" asserts="1" />
                          <test-case name="AggregateSource.Testing.EventCentricTestSpecificationTests.TwoInstancesAreEqualIfTheyHaveTheSameProperties(System.Tuple`2[System.String,System.Object][],System.Object,System.Tuple`2[System.String,System.Object][])" executed="True" result="Success" success="True" time="0.001" asserts="1" />
                          <test-case name="AggregateSource.Testing.EventCentricTestSpecificationTests.TwoInstancesAreEqualIfTheyHaveTheSameProperties(System.Tuple`2[System.String,System.Object][],System.Object,System.Tuple`2[System.String,System.Object][])" executed="True" result="Success" success="True" time="0.000" asserts="1" />
                          <test-case name="AggregateSource.Testing.EventCentricTestSpecificationTests.TwoInstancesAreEqualIfTheyHaveTheSameProperties(System.Tuple`2[System.String,System.Object][],System.Object,System.Tuple`2[System.String,System.Object][])" executed="True" result="Success" success="True" time="0.000" asserts="1" />
                        </results>
                      </test-suite>
                      <test-suite type="Theory" name="TwoInstancesAreNotEqualIfTheirGivensDiffer" executed="True" result="Success" success="True" time="0.003" asserts="0">
                        <results>
                          <test-case name="AggregateSource.Testing.EventCentricTestSpecificationTests.TwoInstancesAreNotEqualIfTheirGivensDiffer(System.Object,System.Tuple`2[System.String,System.Object][])" executed="True" result="Success" success="True" time="0.001" asserts="1" />
                          <test-case name="AggregateSource.Testing.EventCentricTestSpecificationTests.TwoInstancesAreNotEqualIfTheirGivensDiffer(System.Object,System.Tuple`2[System.String,System.Object][])" executed="True" result="Success" success="True" time="0.000" asserts="1" />
                          <test-case name="AggregateSource.Testing.EventCentricTestSpecificationTests.TwoInstancesAreNotEqualIfTheirGivensDiffer(System.Object,System.Tuple`2[System.String,System.Object][])" executed="True" result="Success" success="True" time="0.000" asserts="1" />
                          <test-case name="AggregateSource.Testing.EventCentricTestSpecificationTests.TwoInstancesAreNotEqualIfTheirGivensDiffer(System.Object,System.Tuple`2[System.String,System.Object][])" executed="True" result="Success" success="True" time="0.000" asserts="1" />
                        </results>
                      </test-suite>
                      <test-suite type="Theory" name="TwoInstancesAreNotEqualIfTheirThensDiffer" executed="True" result="Success" success="True" time="0.003" asserts="0">
                        <results>
                          <test-case name="AggregateSource.Testing.EventCentricTestSpecificationTests.TwoInstancesAreNotEqualIfTheirThensDiffer(System.Tuple`2[System.String,System.Object][],System.Object)" executed="True" result="Success" success="True" time="0.001" asserts="1" />
                          <test-case name="AggregateSource.Testing.EventCentricTestSpecificationTests.TwoInstancesAreNotEqualIfTheirThensDiffer(System.Tuple`2[System.String,System.Object][],System.Object)" executed="True" result="Success" success="True" time="0.000" asserts="1" />
                          <test-case name="AggregateSource.Testing.EventCentricTestSpecificationTests.TwoInstancesAreNotEqualIfTheirThensDiffer(System.Tuple`2[System.String,System.Object][],System.Object)" executed="True" result="Success" success="True" time="0.000" asserts="1" />
                          <test-case name="AggregateSource.Testing.EventCentricTestSpecificationTests.TwoInstancesAreNotEqualIfTheirThensDiffer(System.Tuple`2[System.String,System.Object][],System.Object)" executed="True" result="Success" success="True" time="0.000" asserts="1" />
                        </results>
                      </test-suite>
                      <test-suite type="Theory" name="TwoInstancesAreNotEqualIfTheirWhenDiffers" executed="True" result="Success" success="True" time="0.014" asserts="0">
                        <results>
                          <test-case name="AggregateSource.Testing.EventCentricTestSpecificationTests.TwoInstancesAreNotEqualIfTheirWhenDiffers(System.Tuple`2[System.String,System.Object][],System.Tuple`2[System.String,System.Object][])" executed="True" result="Success" success="True" time="0.000" asserts="1" />
                          <test-case name="AggregateSource.Testing.EventCentricTestSpecificationTests.TwoInstancesAreNotEqualIfTheirWhenDiffers(System.Tuple`2[System.String,System.Object][],System.Tuple`2[System.String,System.Object][])" executed="True" result="Success" success="True" time="0.000" asserts="1" />
                          <test-case name="AggregateSource.Testing.EventCentricTestSpecificationTests.TwoInstancesAreNotEqualIfTheirWhenDiffers(System.Tuple`2[System.String,System.Object][],System.Tuple`2[System.String,System.Object][])" executed="True" result="Success" success="True" time="0.000" asserts="1" />
                          <test-case name="AggregateSource.Testing.EventCentricTestSpecificationTests.TwoInstancesAreNotEqualIfTheirWhenDiffers(System.Tuple`2[System.String,System.Object][],System.Tuple`2[System.String,System.Object][])" executed="True" result="Success" success="True" time="0.000" asserts="1" />
                          <test-case name="AggregateSource.Testing.EventCentricTestSpecificationTests.TwoInstancesAreNotEqualIfTheirWhenDiffers(System.Tuple`2[System.String,System.Object][],System.Tuple`2[System.String,System.Object][])" executed="True" result="Success" success="True" time="0.000" asserts="1" />
                          <test-case name="AggregateSource.Testing.EventCentricTestSpecificationTests.TwoInstancesAreNotEqualIfTheirWhenDiffers(System.Tuple`2[System.String,System.Object][],System.Tuple`2[System.String,System.Object][])" executed="True" result="Success" success="True" time="0.000" asserts="1" />
                          <test-case name="AggregateSource.Testing.EventCentricTestSpecificationTests.TwoInstancesAreNotEqualIfTheirWhenDiffers(System.Tuple`2[System.String,System.Object][],System.Tuple`2[System.String,System.Object][])" executed="True" result="Success" success="True" time="0.000" asserts="1" />
                          <test-case name="AggregateSource.Testing.EventCentricTestSpecificationTests.TwoInstancesAreNotEqualIfTheirWhenDiffers(System.Tuple`2[System.String,System.Object][],System.Tuple`2[System.String,System.Object][])" executed="True" result="Success" success="True" time="0.000" asserts="1" />
                          <test-case name="AggregateSource.Testing.EventCentricTestSpecificationTests.TwoInstancesAreNotEqualIfTheirWhenDiffers(System.Tuple`2[System.String,System.Object][],System.Tuple`2[System.String,System.Object][])" executed="True" result="Success" success="True" time="0.000" asserts="1" />
                          <test-case name="AggregateSource.Testing.EventCentricTestSpecificationTests.TwoInstancesAreNotEqualIfTheirWhenDiffers(System.Tuple`2[System.String,System.Object][],System.Tuple`2[System.String,System.Object][])" executed="True" result="Success" success="True" time="0.001" asserts="1" />
                          <test-case name="AggregateSource.Testing.EventCentricTestSpecificationTests.TwoInstancesAreNotEqualIfTheirWhenDiffers(System.Tuple`2[System.String,System.Object][],System.Tuple`2[System.String,System.Object][])" executed="True" result="Success" success="True" time="0.000" asserts="1" />
                          <test-case name="AggregateSource.Testing.EventCentricTestSpecificationTests.TwoInstancesAreNotEqualIfTheirWhenDiffers(System.Tuple`2[System.String,System.Object][],System.Tuple`2[System.String,System.Object][])" executed="True" result="Success" success="True" time="0.000" asserts="1" />
[...]
                          </test-suite>
                        </results>
                      </test-suite>
                    </results>
                  </test-suite>
                </results>
              </test-suite>
            </results>
          </test-suite>
        </results>
      </test-suite>
      <test-suite type="Assembly" name="C:\Users\yvesr\Documents\GitHub\AggregateSource\build\output\net45\SampleSource.dll" executed="True" result="Success" success="True" time="0.136" asserts="0">
        <results>
          <test-suite type="Namespace" name="SampleSource" executed="True" result="Success" success="True" time="0.130" asserts="0">
            <results>
              <test-suite type="Namespace" name="Testing" executed="True" result="Success" success="True" time="0.103" asserts="0">
                <results>
                  <test-suite type="Namespace" name="AggregateAsSystemUnderTest" executed="True" result="Success" success="True" time="0.090" asserts="0">
                    <results>
                      <test-suite type="TestFixture" name="SampleUsage" executed="True" result="Success" success="True" time="0.089" asserts="0">
                        <results>
                          <test-case name="SampleSource.Testing.AggregateAsSystemUnderTest.SampleUsage.CancelledConcertCanNotBeCancelled" executed="True" result="Success" success="True" time="0.061" asserts="2" />
                          <test-case name="SampleSource.Testing.AggregateAsSystemUnderTest.SampleUsage.CancelledConcertCanNotStartTicketSale" executed="True" result="Success" success="True" time="0.005" asserts="2" />
                          <test-case name="SampleSource.Testing.AggregateAsSystemUnderTest.SampleUsage.PlannedConcertCanBeCancelled" executed="True" result="Success" success="True" time="0.005" asserts="1" />
                          <test-case name="SampleSource.Testing.AggregateAsSystemUnderTest.SampleUsage.PlannedConcertCanHaveTicketSaleStarted" executed="True" result="Success" success="True" time="0.002" asserts="1" />
                          <test-case name="SampleSource.Testing.AggregateAsSystemUnderTest.SampleUsage.TicketSaleGetAvailabilityReturnsExpectedSeatCount" executed="True" result="Success" success="True" time="0.004" asserts="1" />
                          <test-case name="SampleSource.Testing.AggregateAsSystemUnderTest.SampleUsage.TicketSaleGetAvailabilityThrowsWhenSaleHasEnded" executed="True" result="Success" success="True" time="0.002" asserts="2" />
                        </results>
                      </test-suite>
                    </results>
                  </test-suite>
                  <test-suite type="Namespace" name="UsingIdFromIEvent" executed="True" result="Success" success="True" time="0.010" asserts="0">
                    <results>
                      <test-suite type="TestFixture" name="TodoListTesting" executed="True" result="Success" success="True" time="0.009" asserts="0">
                        <results>
                          <test-case name="SampleSource.Testing.UsingIdFromIEvent.TodoListTesting.when_adding_a_new_list" executed="True" result="Success" success="True" time="0.009" asserts="0" />
                        </results>
                      </test-suite>
                    </results>
                  </test-suite>
                </results>
              </test-suite>
              <test-suite type="Namespace" name="UsingDomainEvents" executed="True" result="Success" success="True" time="0.004" asserts="0">
                <results>
                  <test-suite type="TestFixture" name="SampleUsage" executed="True" result="Success" success="True" time="0.004" asserts="0">
                    <results>
                      <test-case name="SampleSource.UsingDomainEvents.SampleUsage.Test" executed="True" result="Success" success="True" time="0.003" asserts="1" />
                    </results>
                  </test-suite>
                </results>
              </test-suite>
              <test-suite type="Namespace" name="UsingEntities" executed="True" result="Success" success="True" time="0.007" asserts="0">
                <results>
                  <test-suite type="TestFixture" name="SampleUsage" executed="True" result="Success" success="True" time="0.006" asserts="0">
                    <results>
                      <test-case name="SampleSource.UsingEntities.SampleUsage.Encapsulated_TodoListItem_Behavior_Changes_Are_Tracked" executed="True" result="Success" success="True" time="0.004" asserts="1" />
                      <test-case name="SampleSource.UsingEntities.SampleUsage.Exposed_TodoListItem_Behavior_Changes_Are_Tracked" executed="True" result="Success" success="True" time="0.001" asserts="1" />
                    </results>
                  </test-suite>
                </results>
              </test-suite>
              <test-suite type="Namespace" name="UsingObjectInheritance" executed="True" result="Success" success="True" time="0.005" asserts="0">
                <results>
                  <test-suite type="TestFixture" name="SampleUsage" executed="True" result="Success" success="True" time="0.005" asserts="0">
                    <results>
                      <test-case name="SampleSource.UsingObjectInheritance.SampleUsage.Renting_a_video_tape_emits_a_recent_enough_video_title" executed="True" result="Success" success="True" time="0.004" asserts="1" />
                    </results>
                  </test-suite>
                </results>
              </test-suite>
            </results>
          </test-suite>
        </results>
      </test-suite>
      <test-suite type="Assembly" name="C:\Users\yvesr\Documents\GitHub\AggregateSource\build\output\net45\StreamSource.Tests.dll" executed="True" result="Success" success="True" time="0.186" asserts="0">
        <results>
          <test-suite type="Namespace" name="StreamSource" executed="True" result="Success" success="True" time="0.180" asserts="0">
            <results>
              <test-suite type="TestFixture" name="EventStreamTests" executed="True" result="Success" success="True" time="0.033" asserts="0">
                <results>
                  <test-case name="StreamSource.EventStreamTests.EventsCanNotBeNull" executed="True" result="Success" success="True" time="0.009" asserts="1" />
                  <test-suite type="Theory" name="UsingDefaultConstructorReturnsInstanceWithExpectedProperties" executed="True" result="Success" success="True" time="0.020" asserts="0">
                    <results>
                      <test-case name="StreamSource.EventStreamTests.UsingDefaultConstructorReturnsInstanceWithExpectedProperties(int.MinValue,System.Object[])" executed="True" result="Success" success="True" time="0.005" asserts="2" />
                      <test-case name="StreamSource.EventStreamTests.UsingDefaultConstructorReturnsInstanceWithExpectedProperties(int.MinValue,System.Object[])" executed="True" result="Success" success="True" time="0.000" asserts="2" />
                      <test-case name="StreamSource.EventStreamTests.UsingDefaultConstructorReturnsInstanceWithExpectedProperties(int.MinValue,System.Object[])" executed="True" result="Success" success="True" time="0.000" asserts="2" />
                      <test-case name="StreamSource.EventStreamTests.UsingDefaultConstructorReturnsInstanceWithExpectedProperties(-1,System.Object[])" executed="True" result="Success" success="True" time="0.000" asserts="2" />
                      <test-case name="StreamSource.EventStreamTests.UsingDefaultConstructorReturnsInstanceWithExpectedProperties(-1,System.Object[])" executed="True" result="Success" success="True" time="0.000" asserts="2" />
                      <test-case name="StreamSource.EventStreamTests.UsingDefaultConstructorReturnsInstanceWithExpectedProperties(-1,System.Object[])" executed="True" result="Success" success="True" time="0.000" asserts="2" />
                      <test-case name="StreamSource.EventStreamTests.UsingDefaultConstructorReturnsInstanceWithExpectedProperties(0,System.Object[])" executed="True" result="Success" success="True" time="0.000" asserts="2" />
                      <test-case name="StreamSource.EventStreamTests.UsingDefaultConstructorReturnsInstanceWithExpectedProperties(0,System.Object[])" executed="True" result="Success" success="True" time="0.000" asserts="2" />
                      <test-case name="StreamSource.EventStreamTests.UsingDefaultConstructorReturnsInstanceWithExpectedProperties(0,System.Object[])" executed="True" result="Success" success="True" time="0.000" asserts="2" />
                      <test-case name="StreamSource.EventStreamTests.UsingDefaultConstructorReturnsInstanceWithExpectedProperties(1,System.Object[])" executed="True" result="Success" success="True" time="0.000" asserts="2" />
                      <test-case name="StreamSource.EventStreamTests.UsingDefaultConstructorReturnsInstanceWithExpectedProperties(1,System.Object[])" executed="True" result="Success" success="True" time="0.000" asserts="2" />
                      <test-case name="StreamSource.EventStreamTests.UsingDefaultConstructorReturnsInstanceWithExpectedProperties(1,System.Object[])" executed="True" result="Success" success="True" time="0.000" asserts="2" />
                      <test-case name="StreamSource.EventStreamTests.UsingDefaultConstructorReturnsInstanceWithExpectedProperties(int.MaxValue,System.Object[])" executed="True" result="Success" success="True" time="0.000" asserts="2" />
                      <test-case name="StreamSource.EventStreamTests.UsingDefaultConstructorReturnsInstanceWithExpectedProperties(int.MaxValue,System.Object[])" executed="True" result="Success" success="True" time="0.000" asserts="2" />
                      <test-case name="StreamSource.EventStreamTests.UsingDefaultConstructorReturnsInstanceWithExpectedProperties(int.MaxValue,System.Object[])" executed="True" result="Success" success="True" time="0.000" asserts="2" />
                    </results>
                  </test-suite>
                </results>
              </test-suite>
              <test-suite type="TestFixture" name="ExpectedVersionTests" executed="True" result="Success" success="True" time="0.001" asserts="0">
                <results>
                  <test-case name="StreamSource.ExpectedVersionTests.ExpectedVersionNoneIsMinus1" executed="True" result="Success" success="True" time="0.000" asserts="1" />
                </results>
              </test-suite>
              <test-suite type="TestFixture" name="OptimisticCausationExceptionTests" executed="True" result="Success" success="True" time="0.010" asserts="0">
                <results>
                  <test-case name="StreamSource.OptimisticCausationExceptionTests.CanBeSerialized" executed="True" result="Success" success="True" time="0.003" asserts="3" />
                  <test-case name="StreamSource.OptimisticCausationExceptionTests.IsStreamSourceException" executed="True" result="Success" success="True" time="0.000" asserts="1" />
                  <test-case name="StreamSource.OptimisticCausationExceptionTests.UsingConstructorWithCausationIdAndMessageAndInnerExceptionReturnsExceptionWithExcpectedProperties" executed="True" result="Success" success="True" time="0.000" asserts="3" />
                  <test-case name="StreamSource.OptimisticCausationExceptionTests.UsingConstructorWithCausationIdAndMessageReturnsExceptionWithExcpectedProperties" executed="True" result="Success" success="True" time="0.001" asserts="3" />
                  <test-case name="StreamSource.OptimisticCausationExceptionTests.UsingConstructorWithCausationIdReturnsExceptionWithExcpectedProperties" executed="True" result="Success" success="True" time="0.001" asserts="3" />
                </results>
              </test-suite>
              <test-suite type="TestFixture" name="OptimisticConcurrencyExceptionTests" executed="True" result="Success" success="True" time="0.007" asserts="0">
                <results>
                  <test-case name="StreamSource.OptimisticConcurrencyExceptionTests.CanBeSerialized" executed="True" result="Success" success="True" time="0.002" asserts="4" />
                  <test-case name="StreamSource.OptimisticConcurrencyExceptionTests.IsStreamSourceException" executed="True" result="Success" success="True" time="0.000" asserts="1" />
                  <test-case name="StreamSource.OptimisticConcurrencyExceptionTests.UsingConstructorWithStreamIdAndExpectedVersionAndMessageAndInnerExceptionReturnsExceptionWithExcpectedProperties" executed="True" result="Success" success="True" time="0.001" asserts="4" />
                  <test-case name="StreamSource.OptimisticConcurrencyExceptionTests.UsingConstructorWithStreamIdAndExpectedVersionAndMessageReturnsExceptionWithExcpectedProperties" executed="True" result="Success" success="True" time="0.001" asserts="4" />
                  <test-case name="StreamSource.OptimisticConcurrencyExceptionTests.UsingConstructorWithStreamIdAndExpectedVersionReturnsExceptionWithExcpectedProperties" executed="True" result="Success" success="True" time="0.000" asserts="4" />
                </results>
              </test-suite>
              <test-suite type="Namespace" name="RepositoryTests" executed="True" result="Success" success="True" time="0.092" asserts="0">
                <results>
                  <test-suite type="TestFixture" name="AnyInstance" executed="True" result="Success" success="True" time="0.006" asserts="0">
                    <results>
                      <test-case name="StreamSource.RepositoryTests.AnyInstance.AddIdentifierCanNotBeNull" executed="True" result="Success" success="True" time="0.002" asserts="1" />
                      <test-case name="StreamSource.RepositoryTests.AnyInstance.GetIdentifierCanNotBeNull" executed="True" result="Success" success="True" time="0.001" asserts="1" />
                      <test-case name="StreamSource.RepositoryTests.AnyInstance.GetOptionalIdentifierCanNotBeNull" executed="True" result="Success" success="True" time="0.001" asserts="1" />
                    </results>
                  </test-suite>
                  <test-suite type="TestFixture" name="Construction" executed="True" result="Success" success="True" time="0.003" asserts="0">
                    <results>
                      <test-case name="StreamSource.RepositoryTests.Construction.EventStreamReaderCanNotBeNull" executed="True" result="Success" success="True" time="0.000" asserts="1" />
                      <test-case name="StreamSource.RepositoryTests.Construction.FactoryCanNotBeNull" executed="True" result="Success" success="True" time="0.001" asserts="1" />
                      <test-case name="StreamSource.RepositoryTests.Construction.UnitOfWorkCanNotBeNull" executed="True" result="Success" success="True" time="0.001" asserts="1" />
                    </results>
                  </test-suite>
                  <test-suite type="TestFixture" name="WithEmptyStoreAndEmptyUnitOfWork" executed="True" result="Success" success="True" time="0.058" asserts="0">
                    <results>
                      <test-case name="StreamSource.RepositoryTests.WithEmptyStoreAndEmptyUnitOfWork.AddAttachesToUnitOfWork" executed="True" result="Success" success="True" time="0.001" asserts="3" />
                      <test-case name="StreamSource.RepositoryTests.WithEmptyStoreAndEmptyUnitOfWork.GetOptionalReturnsEmpty" executed="True" result="Success" success="True" time="0.002" asserts="1" />
                      <test-case name="StreamSource.RepositoryTests.WithEmptyStoreAndEmptyUnitOfWork.GetThrows" executed="True" result="Success" success="True" time="0.053" asserts="3" />
                    </results>
                  </test-suite>
                  <test-suite type="TestFixture" name="WithEmptyStoreAndFilledUnitOfWork" executed="True" result="Success" success="True" time="0.005" asserts="0">
                    <results>
                      <test-case name="StreamSource.RepositoryTests.WithEmptyStoreAndFilledUnitOfWork.GetOptionalReturnsEmptyForUnknownId" executed="True" result="Success" success="True" time="0.001" asserts="1" />
                      <test-case name="StreamSource.RepositoryTests.WithEmptyStoreAndFilledUnitOfWork.GetOptionalReturnsRootForKnownId" executed="True" result="Success" success="True" time="0.000" asserts="1" />
                      <test-case name="StreamSource.RepositoryTests.WithEmptyStoreAndFilledUnitOfWork.GetReturnsRootOfKnownId" executed="True" result="Success" success="True" time="0.000" asserts="1" />
                      <test-case name="StreamSource.RepositoryTests.WithEmptyStoreAndFilledUnitOfWork.GetThrowsForUnknownId" executed="True" result="Success" success="True" time="0.001" asserts="3" />
                    </results>
                  </test-suite>
                  <test-suite type="TestFixture" name="WithFilledStore" executed="True" result="Success" success="True" time="0.011" asserts="0">
                    <results>
                      <test-case name="StreamSource.RepositoryTests.WithFilledStore.GetOptionalReturnsEmptyForUnknownId" executed="True" result="Success" success="True" time="0.005" asserts="1" />
                      <test-case name="StreamSource.RepositoryTests.WithFilledStore.GetOptionalReturnsRootForKnownId" executed="True" result="Success" success="True" time="0.002" asserts="1" />
                      <test-case name="StreamSource.RepositoryTests.WithFilledStore.GetReturnsRootOfKnownId" executed="True" result="Success" success="True" time="0.000" asserts="1" />
                      <test-case name="StreamSource.RepositoryTests.WithFilledStore.GetThrowsForUnknownId" executed="True" result="Success" success="True" time="0.001" asserts="3" />
                    </results>
                  </test-suite>
                </results>
              </test-suite>
              <test-suite type="TestFixture" name="SampleUsage" executed="True" result="Success" success="True" time="0.011" asserts="0">
                <results>
                  <test-case name="StreamSource.SampleUsage.Show" executed="True" result="Success" success="True" time="0.011" asserts="0" />
                </results>
              </test-suite>
              <test-suite type="TestFixture" name="StreamSourceExceptionTests" executed="True" result="Success" success="True" time="0.006" asserts="0">
                <results>
                  <test-case name="StreamSource.StreamSourceExceptionTests.CanBeSerialized" executed="True" result="Success" success="True" time="0.001" asserts="2" />
                  <test-case name="StreamSource.StreamSourceExceptionTests.IsAnException" executed="True" result="Success" success="True" time="0.001" asserts="1" />
                  <test-case name="StreamSource.StreamSourceExceptionTests.UsingTheConstructorWithMessageAndInnerExceptionReturnsExceptionWithExpectedProperties" executed="True" result="Success" success="True" time="0.001" asserts="2" />
                  <test-case name="StreamSource.StreamSourceExceptionTests.UsingTheConstructorWithMessageReturnsExceptionWithExpectedProperties" executed="True" result="Success" success="True" time="0.001" asserts="2" />
                  <test-case name="StreamSource.StreamSourceExceptionTests.UsingTheDefaultConstructorReturnsExceptionWithExpectedProperties" executed="True" result="Success" success="True" time="0.000" asserts="2" />
                </results>
              </test-suite>
            </results>
          </test-suite>
        </results>
      </test-suite>
      <test-suite type="Assembly" name="C:\Users\yvesr\Documents\GitHub\AggregateSource\build\output\net45\StreamSource.FirebirdClient.Tests.dll" executed="True" result="Inconclusive" success="False" time="0.008" asserts="0" />
    </results>
  </test-suite>
</test-results>